<?xml version="1.0" encoding="UTF-8" standalone="yes"?><!DOCTYPE report PUBLIC "-//JACOCO//DTD Report 1.0//EN" "report.dtd"><report name="maven-code-quality-pom"><sessioninfo id="Gregorys-MBP-2.fios-router.home-96da8502" start="1513473791465" dump="1513473792432"/><sessioninfo id="Gregorys-MBP-2.fios-router.home-7e91217" start="1513473816387" dump="1513473817348"/><sessioninfo id="Gregorys-MBP-2.fios-router.home-2d749513" start="1513473829597" dump="1513473830599"/><sessioninfo id="Gregorys-MBP-2.fios-router.home-8c565ebc" start="1513473845960" dump="1513473846965"/></report>