<?xml version="1.0" encoding="UTF-8" standalone="yes"?><!DOCTYPE report PUBLIC "-//JACOCO//DTD Report 1.0//EN" "report.dtd"><report name="spring-qa-dependencies"><sessioninfo id="TUSTX002ML1101P.local-abcf583" start="1510084189408" dump="1510084195415"/><sessioninfo id="TUSTX002ML1101P.local-61e9a262" start="1510084263626" dump="1510084269745"/><sessioninfo id="TUSTX002ML1101P.local-5bf0d247" start="1510095268150" dump="1510095274642"/><sessioninfo id="TUSTX002ML1101P.local-4b6d2a41" start="1510096248127" dump="1510096254097"/><sessioninfo id="TUSTX002ML1101P.local-8d60dc5d" start="1510096365537" dump="1510096371529"/><sessioninfo id="TUSTX002ML1101P.local-9a4fd96d" start="1510097124979" dump="1510097130964"/><sessioninfo id="TUSTX002ML1101P.local-5bef3d17" start="1510097306651" dump="1510097312643"/></report>